0 verbose cli /usr/local/bin/node /usr/local/lib/node_modules/npm/bin/npm-cli.js
1 info using npm@10.9.3
2 info using node@v22.18.0
3 silly config load:file:/usr/local/lib/node_modules/npm/npmrc
4 silly config load:file:/Users/joel/vibe-code/diligencelabs/blockchain-consultant/.npmrc
5 silly config load:file:/Users/joel/.npmrc
6 silly config load:file:/usr/local/etc/npmrc
7 verbose title npm exec ts-node prisma/seed-pricing.ts
8 verbose argv "exec" "--" "ts-node" "prisma/seed-pricing.ts"
9 verbose logfile logs-max:10 dir:/Users/joel/vibe-code/diligencelabs/blockchain-consultant/.npm-cache/_logs/2025-09-25T09_22_36_104Z-
10 verbose logfile /Users/joel/vibe-code/diligencelabs/blockchain-consultant/.npm-cache/_logs/2025-09-25T09_22_36_104Z-debug-0.log
11 silly logfile start cleaning logs, removing 1 files
12 silly logfile done cleaning log files
13 silly packumentCache heap:4345298944 maxSize:1086324736 maxEntrySize:543162368
14 http fetch GET 200 https://registry.npmjs.org/ts-node 152ms (cache miss)
15 silly packumentCache heap:4345298944 maxSize:1086324736 maxEntrySize:543162368
16 silly packumentCache heap:4345298944 maxSize:1086324736 maxEntrySize:543162368
17 warn exec The following package was not found and will be installed: ts-node@10.9.2
18 silly idealTree buildDeps
19 silly fetch manifest ts-node@10.9.2
20 silly packumentCache full:https://registry.npmjs.org/ts-node cache-miss
21 http fetch GET 200 https://registry.npmjs.org/ts-node 31ms (cache revalidated)
22 silly packumentCache full:https://registry.npmjs.org/ts-node set size:574556 disposed:false
23 silly fetch manifest @swc/core@>=1.2.50
24 silly packumentCache full:https://registry.npmjs.org/@swc%2fcore cache-miss
25 http fetch GET 200 https://registry.npmjs.org/@swc%2fcore 140ms (cache updated)
26 silly packumentCache full:https://registry.npmjs.org/@swc%2fcore set size:undefined disposed:false
27 silly fetch manifest @swc/helpers@>=0.5.17
28 silly packumentCache full:https://registry.npmjs.org/@swc%2fhelpers cache-miss
29 http fetch GET 200 https://registry.npmjs.org/@swc%2fhelpers 115ms (cache revalidated)
30 silly packumentCache full:https://registry.npmjs.org/@swc%2fhelpers set size:631874 disposed:false
31 silly fetch manifest @swc/wasm@>=1.2.50
32 silly packumentCache full:https://registry.npmjs.org/@swc%2fwasm cache-miss
33 http fetch GET 200 https://registry.npmjs.org/@swc%2fwasm 150ms (cache updated)
34 silly packumentCache full:https://registry.npmjs.org/@swc%2fwasm set size:undefined disposed:false
35 silly fetch manifest @types/node@*
36 silly packumentCache full:https://registry.npmjs.org/@types%2fnode cache-miss
37 http fetch GET 200 https://registry.npmjs.org/@types%2fnode 127ms (cache revalidated)
38 silly packumentCache full:https://registry.npmjs.org/@types%2fnode set size:10576254 disposed:false
39 silly fetch manifest typescript@>=2.7
40 silly packumentCache full:https://registry.npmjs.org/typescript cache-miss
41 http fetch GET 200 https://registry.npmjs.org/typescript 283ms (cache updated)
42 silly packumentCache full:https://registry.npmjs.org/typescript set size:undefined disposed:false
43 silly placeDep ROOT ts-node@10.9.2 OK for:  want: 10.9.2
44 silly placeDep ROOT typescript@5.9.2 OK for: ts-node@10.9.2 want: >=2.7
45 silly placeDep ROOT @types/node@24.5.2 OK for: ts-node@10.9.2 want: *
46 silly fetch manifest yn@3.1.1
47 silly packumentCache full:https://registry.npmjs.org/yn cache-miss
48 silly fetch manifest arg@^4.1.0
49 silly packumentCache full:https://registry.npmjs.org/arg cache-miss
50 silly fetch manifest diff@^4.0.1
51 silly packumentCache full:https://registry.npmjs.org/diff cache-miss
52 silly fetch manifest acorn@^8.4.1
53 silly packumentCache full:https://registry.npmjs.org/acorn cache-miss
54 silly fetch manifest acorn-walk@^8.1.1
55 silly packumentCache full:https://registry.npmjs.org/acorn-walk cache-miss
56 silly fetch manifest make-error@^1.1.1
57 silly packumentCache full:https://registry.npmjs.org/make-error cache-miss
58 silly fetch manifest create-require@^1.1.0
59 silly packumentCache full:https://registry.npmjs.org/create-require cache-miss
60 silly fetch manifest @tsconfig/node10@^1.0.7
61 silly packumentCache full:https://registry.npmjs.org/@tsconfig%2fnode10 cache-miss
62 silly fetch manifest @tsconfig/node12@^1.0.7
63 silly packumentCache full:https://registry.npmjs.org/@tsconfig%2fnode12 cache-miss
64 http fetch GET 200 https://registry.npmjs.org/arg 73ms (cache revalidated)
65 silly packumentCache full:https://registry.npmjs.org/arg set size:67204 disposed:false
66 silly fetch manifest @tsconfig/node14@^1.0.0
67 silly packumentCache full:https://registry.npmjs.org/@tsconfig%2fnode14 cache-miss
68 http fetch GET 200 https://registry.npmjs.org/yn 94ms (cache revalidated)
69 silly packumentCache full:https://registry.npmjs.org/yn set size:23572 disposed:false
70 silly fetch manifest @tsconfig/node16@^1.0.2
71 silly packumentCache full:https://registry.npmjs.org/@tsconfig%2fnode16 cache-miss
72 http fetch GET 200 https://registry.npmjs.org/create-require 97ms (cache revalidated)
73 silly packumentCache full:https://registry.npmjs.org/create-require set size:20551 disposed:false
74 silly fetch manifest v8-compile-cache-lib@^3.0.1
75 silly packumentCache full:https://registry.npmjs.org/v8-compile-cache-lib cache-miss
76 http fetch GET 200 https://registry.npmjs.org/acorn-walk 97ms (cache revalidated)
77 silly packumentCache full:https://registry.npmjs.org/acorn-walk set size:48148 disposed:false
78 silly fetch manifest @cspotcode/source-map-support@^0.8.0
79 silly packumentCache full:https://registry.npmjs.org/@cspotcode%2fsource-map-support cache-miss
80 http fetch GET 200 https://registry.npmjs.org/make-error 98ms (cache revalidated)
81 silly packumentCache full:https://registry.npmjs.org/make-error set size:45218 disposed:false
82 silly fetch manifest undici-types@~7.12.0
83 silly packumentCache full:https://registry.npmjs.org/undici-types cache-miss
84 http fetch GET 200 https://registry.npmjs.org/acorn 108ms (cache revalidated)
85 silly packumentCache full:https://registry.npmjs.org/acorn set size:377362 disposed:false
86 http fetch GET 200 https://registry.npmjs.org/diff 123ms (cache revalidated)
87 silly packumentCache full:https://registry.npmjs.org/diff set size:149252 disposed:false
88 http fetch GET 200 https://registry.npmjs.org/undici-types 29ms (cache revalidated)
89 silly packumentCache full:https://registry.npmjs.org/undici-types set size:148959 disposed:false
90 http fetch GET 200 https://registry.npmjs.org/v8-compile-cache-lib 31ms (cache revalidated)
91 silly packumentCache full:https://registry.npmjs.org/v8-compile-cache-lib set size:8746 disposed:false
92 http fetch GET 200 https://registry.npmjs.org/@cspotcode%2fsource-map-support 45ms (cache revalidated)
93 silly packumentCache full:https://registry.npmjs.org/@cspotcode%2fsource-map-support set size:30214 disposed:false
94 http fetch GET 200 https://registry.npmjs.org/@tsconfig%2fnode12 142ms (cache revalidated)
95 silly packumentCache full:https://registry.npmjs.org/@tsconfig%2fnode12 set size:34030 disposed:false
96 http fetch GET 200 https://registry.npmjs.org/@tsconfig%2fnode16 48ms (cache updated)
97 silly packumentCache full:https://registry.npmjs.org/@tsconfig%2fnode16 set size:undefined disposed:false
98 http fetch GET 200 https://registry.npmjs.org/@tsconfig%2fnode10 155ms (cache revalidated)
99 silly packumentCache full:https://registry.npmjs.org/@tsconfig%2fnode10 set size:25220 disposed:false
100 http fetch GET 200 https://registry.npmjs.org/@tsconfig%2fnode14 84ms (cache revalidated)
101 silly packumentCache full:https://registry.npmjs.org/@tsconfig%2fnode14 set size:19163 disposed:false
102 silly placeDep ROOT undici-types@7.12.0 OK for: @types/node@24.5.2 want: ~7.12.0
103 silly placeDep ROOT @cspotcode/source-map-support@0.8.1 OK for: ts-node@10.9.2 want: ^0.8.0
104 silly placeDep ROOT @tsconfig/node10@1.0.11 OK for: ts-node@10.9.2 want: ^1.0.7
105 silly placeDep ROOT @tsconfig/node12@1.0.11 OK for: ts-node@10.9.2 want: ^1.0.7
106 silly placeDep ROOT @tsconfig/node14@1.0.3 OK for: ts-node@10.9.2 want: ^1.0.0
107 silly placeDep ROOT @tsconfig/node16@1.0.4 OK for: ts-node@10.9.2 want: ^1.0.2
108 silly placeDep ROOT acorn@8.15.0 OK for: ts-node@10.9.2 want: ^8.4.1
109 silly placeDep ROOT acorn-walk@8.3.4 OK for: ts-node@10.9.2 want: ^8.1.1
110 silly placeDep ROOT arg@4.1.3 OK for: ts-node@10.9.2 want: ^4.1.0
111 silly placeDep ROOT create-require@1.1.1 OK for: ts-node@10.9.2 want: ^1.1.0
112 silly placeDep ROOT diff@4.0.2 OK for: ts-node@10.9.2 want: ^4.0.1
113 silly placeDep ROOT make-error@1.3.6 OK for: ts-node@10.9.2 want: ^1.1.1
114 silly placeDep ROOT v8-compile-cache-lib@3.0.1 OK for: ts-node@10.9.2 want: ^3.0.1
115 silly placeDep ROOT yn@3.1.1 OK for: ts-node@10.9.2 want: 3.1.1
116 silly fetch manifest @jridgewell/trace-mapping@0.3.9
117 silly packumentCache full:https://registry.npmjs.org/@jridgewell%2ftrace-mapping cache-miss
118 http fetch GET 200 https://registry.npmjs.org/@jridgewell%2ftrace-mapping 59ms (cache revalidated)
119 silly packumentCache full:https://registry.npmjs.org/@jridgewell%2ftrace-mapping set size:170909 disposed:false
120 silly placeDep ROOT @jridgewell/trace-mapping@0.3.9 OK for: @cspotcode/source-map-support@0.8.1 want: 0.3.9
121 silly fetch manifest @jridgewell/resolve-uri@^3.0.3
122 silly packumentCache full:https://registry.npmjs.org/@jridgewell%2fresolve-uri cache-miss
123 silly fetch manifest @jridgewell/sourcemap-codec@^1.4.10
124 silly packumentCache full:https://registry.npmjs.org/@jridgewell%2fsourcemap-codec cache-miss
125 http fetch GET 200 https://registry.npmjs.org/@jridgewell%2fsourcemap-codec 218ms (cache revalidated)
126 silly packumentCache full:https://registry.npmjs.org/@jridgewell%2fsourcemap-codec set size:59275 disposed:false
127 http fetch GET 200 https://registry.npmjs.org/@jridgewell%2fresolve-uri 221ms (cache revalidated)
128 silly packumentCache full:https://registry.npmjs.org/@jridgewell%2fresolve-uri set size:57361 disposed:false
129 silly placeDep ROOT @jridgewell/resolve-uri@3.1.2 OK for: @jridgewell/trace-mapping@0.3.9 want: ^3.0.3
130 silly placeDep ROOT @jridgewell/sourcemap-codec@1.5.5 OK for: @jridgewell/trace-mapping@0.3.9 want: ^1.4.10
131 silly reify moves {}
132 silly audit bulk request {
132 silly audit   'ts-node': [ '10.9.2' ],
132 silly audit   typescript: [ '5.9.2' ],
132 silly audit   '@types/node': [ '24.5.2' ],
132 silly audit   'undici-types': [ '7.12.0' ],
132 silly audit   '@cspotcode/source-map-support': [ '0.8.1' ],
132 silly audit   '@tsconfig/node10': [ '1.0.11' ],
132 silly audit   '@tsconfig/node12': [ '1.0.11' ],
132 silly audit   '@tsconfig/node14': [ '1.0.3' ],
132 silly audit   '@tsconfig/node16': [ '1.0.4' ],
132 silly audit   acorn: [ '8.15.0' ],
132 silly audit   'acorn-walk': [ '8.3.4' ],
132 silly audit   arg: [ '4.1.3' ],
132 silly audit   'create-require': [ '1.1.1' ],
132 silly audit   diff: [ '4.0.2' ],
132 silly audit   'make-error': [ '1.3.6' ],
132 silly audit   'v8-compile-cache-lib': [ '3.0.1' ],
132 silly audit   yn: [ '3.1.1' ],
132 silly audit   '@jridgewell/trace-mapping': [ '0.3.9' ],
132 silly audit   '@jridgewell/resolve-uri': [ '3.1.2' ],
132 silly audit   '@jridgewell/sourcemap-codec': [ '1.5.5' ]
132 silly audit }
133 http cache @jridgewell/trace-mapping@https://registry.npmjs.org/@jridgewell/trace-mapping/-/trace-mapping-0.3.9.tgz 0ms (cache hit)
134 http cache @jridgewell/resolve-uri@https://registry.npmjs.org/@jridgewell/resolve-uri/-/resolve-uri-3.1.2.tgz 0ms (cache hit)
135 http cache v8-compile-cache-lib@https://registry.npmjs.org/v8-compile-cache-lib/-/v8-compile-cache-lib-3.0.1.tgz 0ms (cache hit)
136 http cache make-error@https://registry.npmjs.org/make-error/-/make-error-1.3.6.tgz 0ms (cache hit)
137 http cache yn@https://registry.npmjs.org/yn/-/yn-3.1.1.tgz 0ms (cache hit)
138 http cache diff@https://registry.npmjs.org/diff/-/diff-4.0.2.tgz 0ms (cache hit)
139 http cache @jridgewell/sourcemap-codec@https://registry.npmjs.org/@jridgewell/sourcemap-codec/-/sourcemap-codec-1.5.5.tgz 0ms (cache hit)
140 http cache create-require@https://registry.npmjs.org/create-require/-/create-require-1.1.1.tgz 0ms (cache hit)
141 http cache acorn@https://registry.npmjs.org/acorn/-/acorn-8.15.0.tgz 0ms (cache hit)
142 http cache @tsconfig/node16@https://registry.npmjs.org/@tsconfig/node16/-/node16-1.0.4.tgz 0ms (cache hit)
143 http cache acorn-walk@https://registry.npmjs.org/acorn-walk/-/acorn-walk-8.3.4.tgz 0ms (cache hit)
144 http cache @tsconfig/node14@https://registry.npmjs.org/@tsconfig/node14/-/node14-1.0.3.tgz 0ms (cache hit)
145 http cache @tsconfig/node10@https://registry.npmjs.org/@tsconfig/node10/-/node10-1.0.11.tgz 0ms (cache hit)
146 http cache undici-types@https://registry.npmjs.org/undici-types/-/undici-types-7.12.0.tgz 0ms (cache hit)
147 http cache @tsconfig/node12@https://registry.npmjs.org/@tsconfig/node12/-/node12-1.0.11.tgz 0ms (cache hit)
148 http cache @cspotcode/source-map-support@https://registry.npmjs.org/@cspotcode/source-map-support/-/source-map-support-0.8.1.tgz 0ms (cache hit)
149 http cache @types/node@https://registry.npmjs.org/@types/node/-/node-24.5.2.tgz 0ms (cache hit)
150 http cache ts-node@https://registry.npmjs.org/ts-node/-/ts-node-10.9.2.tgz 0ms (cache hit)
151 http cache arg@https://registry.npmjs.org/arg/-/arg-4.1.3.tgz 0ms (cache hit)
152 http cache typescript@https://registry.npmjs.org/typescript/-/typescript-5.9.2.tgz 0ms (cache hit)
153 silly tarball no local data for undici-types@https://registry.npmjs.org/undici-types/-/undici-types-7.12.0.tgz. Extracting by manifest.
154 silly tarball no local data for @types/node@https://registry.npmjs.org/@types/node/-/node-24.5.2.tgz. Extracting by manifest.
155 silly tarball no local data for ts-node@https://registry.npmjs.org/ts-node/-/ts-node-10.9.2.tgz. Extracting by manifest.
156 silly tarball no local data for arg@https://registry.npmjs.org/arg/-/arg-4.1.3.tgz. Extracting by manifest.
157 http fetch GET 200 https://registry.npmjs.org/undici-types/-/undici-types-7.12.0.tgz 69ms (cache miss)
158 http fetch GET 200 https://registry.npmjs.org/arg/-/arg-4.1.3.tgz 70ms (cache miss)
159 http fetch GET 200 https://registry.npmjs.org/ts-node/-/ts-node-10.9.2.tgz 98ms (cache miss)
160 http fetch GET 200 https://registry.npmjs.org/@types/node/-/node-24.5.2.tgz 101ms (cache miss)
161 http fetch POST 200 https://registry.npmjs.org/-/npm/v1/security/advisories/bulk 210ms
162 silly audit report {}
163 verbose cwd /Users/joel/vibe-code/diligencelabs/blockchain-consultant
164 verbose os Darwin 24.6.0
165 verbose node v22.18.0
166 verbose npm  v10.9.3
167 verbose exit 1
168 verbose code 1
