0 verbose cli /usr/local/bin/node /usr/local/lib/node_modules/npm/bin/npm-cli.js
1 info using npm@10.9.3
2 info using node@v22.18.0
3 silly config load:file:/usr/local/lib/node_modules/npm/npmrc
4 silly config load:file:/Users/joel/vibe-code/diligencelabs/blockchain-consultant/.npmrc
5 silly config load:file:/Users/joel/.npmrc
6 silly config load:file:/usr/local/etc/npmrc
7 verbose title npm exec ts-node prisma/seed-pricing.ts
8 verbose argv "exec" "--" "ts-node" "prisma/seed-pricing.ts"
9 verbose logfile logs-max:10 dir:/Users/joel/vibe-code/diligencelabs/blockchain-consultant/.npm-cache/_logs/2025-09-25T09_23_01_045Z-
10 verbose logfile /Users/joel/vibe-code/diligencelabs/blockchain-consultant/.npm-cache/_logs/2025-09-25T09_23_01_045Z-debug-0.log
11 silly logfile start cleaning logs, removing 1 files
12 silly logfile done cleaning log files
13 silly packumentCache heap:4345298944 maxSize:1086324736 maxEntrySize:543162368
14 http fetch GET 200 https://registry.npmjs.org/ts-node 164ms (cache revalidated)
15 silly packumentCache heap:4345298944 maxSize:1086324736 maxEntrySize:543162368
16 silly packumentCache heap:4345298944 maxSize:1086324736 maxEntrySize:543162368
17 verbose cwd /Users/joel/vibe-code/diligencelabs/blockchain-consultant
18 verbose os Darwin 24.6.0
19 verbose node v22.18.0
20 verbose npm  v10.9.3
21 verbose exit 0
22 info ok
